Text: Hľadám zoznam pobočiek; AI: https://www.dovera.sk/pobocky;
Text: Ahoj; AI: https://www.dovera.sk/pobocky/186-bratislava-digital-park-iii;
Text: zoznam pobočiek; AI: https://www.dovera.sk/pobocky;
Text: Hľadám zoznam pobočiek; AI: https://www.dovera.sk/pobocky;
Text: zoznam všetkých pobočiek; AI: https://www.dovera.sk/pobocky;
Text: nie; AI: https://www.dovera.sk/pobocky/186-bratislava-digital-park-iii;
Text: Hľadám stránku Ahoj hľadám stránku zoznam všetkých benefitov; AI: https://ep.dovera.sk/Login.aspx?ReturnUrl=%2f;
Text: stránku login; AI: https://ep.dovera.sk/Login;
Text: Hľadám stránku zoznam všetkých benefitov; AI: https://ep.dovera.sk/Login.aspx?ReturnUrl=%2f;
Text: zoznam všetkých benefitov; AI: https://www.dovera.sk/poistenec/benefity/vsetky/vratime-az-300-eur-za-lieky-rodicom-aj-detom;
Text: zoznam všetkých pobočiek; AI: https://www.dovera.sk/pobocky;
Text: dikta park; AI: https://www.dovera.sk/pobocky/186-bratislava-digital-park-iii;
Text: Cintorínska; AI: https://www.dovera.sk/pobocky/22-bratislava-cintorinska;
Text: Ahoj vera; AI: ahoj, ako sa máš?;
Text: zle; AI: Fúha no nič moc.;
Text: zoznam pobočiek; AI: https://www.dovera.sk/pobocky;
Text: ahoj vera kde najdem pobocky dovery; AI: čau, ako sa máš?;
Text: ahoj vera kde najdem pobocky dovery; AI: https://www.dovera.sk/pobocky;
Text: ahoj vera kde najdem pobocky dovery; AI: https://www.dovera.sk/pobocky;
Text: ahoj vera kde najdem pobocky dovery; AI: https://www.dovera.sk/pobocky;
Text: chcem vediet o nejakej poistovni nevies o nejakej; AI: https://www.dovera.sk/poistenec/benefity/vsetky/vratime-az-300-eur-za-lieky-rodicom-aj-detom;
Text: ake ma dovera benefity; AI: https://www.dovera.sk/poistenec/preco-byt-v-dovere#vsetky;
Text: ake ma dovera benefity; AI: https://www.dovera.sk/poistenec/benefity/vsetky/vratime-az-300-eur-za-lieky-rodicom-aj-detom;
